<?xml version="1.0" encoding="UTF-8"?>
<!-- Generated by org.testng.reporters.JUnitXMLReporter -->
<testsuite ignored="0" hostname="DESKTOP-8CFJFV0" failures="1" tests="4" name="Test" time="0.057" errors="0" timestamp="2020-09-21T22:44:59 IST">
  <testcase classname="test.undostres.testCode" name="rechargePage" time="0.006">
    <failure type="java.lang.NullPointerException">
      <![CDATA[java.lang.NullPointerException
at test.undostres.testCode.rechargePage(testCode.java:25)
at java.base/java.util.ArrayList.forEach(ArrayList.java:1510)
... Removed 27 stack frames]]>
    </failure>
  </testcase> <!-- rechargePage -->
  <testcase classname="test.undostres.testCode" name="paymentDetails" time="0.0">
    <skipped/>
  </testcase> <!-- paymentDetails -->
  <testcase classname="test.undostres.testCode" name="userlogin" time="0.0">
    <skipped/>
  </testcase> <!-- userlogin -->
  <testcase classname="test.undostres.testCode" name="readMessage" time="0.0">
    <skipped/>
  </testcase> <!-- readMessage -->
</testsuite> <!-- Test -->
